2012-03-31 14:51:29,342 INFO -------JackSyen开始登录--------
2012-03-31 14:51:29,630 INFO 登录成功
2012-03-31 14:51:30,218 INFO 服务器时间：2012-03-31 14:51:30
2012-03-31 14:51:30,360 INFO 玩家ID:4727,名称：艹尼玛,级别：130
2012-03-31 14:51:30,591 INFO 当前正在开发区中
2012-03-31 14:51:30,592 INFO 自动贸易功能开启
2012-03-31 14:51:30,692 WARNING 获取秘书信息失败，重新请求...
2012-03-31 14:51:30,698 WARNING 获取外城采集信息失败，重新请求...
2012-03-31 14:51:30,708 WARNING 获取贸易信息失败，重新请求...
2012-03-31 14:51:30,708 WARNING 获取武将训练信息失败，重新请求...
2012-03-31 14:51:30,715 INFO 今日粮食交易量用完，线程停止
2012-03-31 14:51:30,720 WARNING 精炼次数为0
2012-03-31 14:51:30,720 INFO 精炼线程停止
2012-03-31 14:51:32,804 WARNING 没有闲置的工人,采集线程停止
2012-03-31 14:51:32,811 INFO 贸易次数已存在
2012-03-31 14:56:33,011 INFO 贸易次数已存在
2012-03-31 15:01:33,214 INFO 贸易次数已存在
2012-03-31 15:06:33,427 INFO 贸易次数已存在
2012-03-31 17:49:42,095 INFO -------JackSyen开始登录--------
2012-03-31 17:49:42,412 INFO 登录成功
2012-03-31 17:49:42,929 INFO 服务器时间：2012-03-31 17:49:43
2012-03-31 17:49:43,074 INFO 玩家ID:4727,名称：艹尼玛,级别：130
2012-03-31 17:49:43,315 INFO 当前正在开发区中
2012-03-31 17:49:43,316 INFO 自动贸易功能开启
2012-03-31 17:53:03,275 INFO -------JackSyen开始登录--------
2012-03-31 17:53:03,540 INFO 登录成功
2012-03-31 17:53:04,062 INFO 服务器时间：2012-03-31 17:53:04
2012-03-31 17:53:04,206 INFO 玩家ID:4727,名称：艹尼玛,级别：130
2012-03-31 17:53:04,432 INFO 当前正在开发区中
2012-03-31 17:53:04,433 INFO 自动贸易功能开启
2012-03-31 17:53:04,530 WARNING 获取贸易信息失败，重新请求...
2012-03-31 17:53:04,531 WARNING 获取外城采集信息失败，重新请求...
2012-03-31 17:53:04,534 WARNING 获取精炼信息失败，重新请求...
2012-03-31 17:53:04,535 WARNING 获取秘书信息失败，重新请求...
2012-03-31 17:53:04,545 INFO 今日粮食交易量用完，线程停止
2012-03-31 17:53:06,633 WARNING 获取精炼信息失败，重新请求...
2012-03-31 17:53:06,638 WARNING 没有闲置的工人,采集线程停止
2012-03-31 17:53:06,639 WARNING 获取秘书信息失败，重新请求...
2012-03-31 17:53:08,735 WARNING 精炼次数为0
2012-03-31 17:53:08,735 INFO 精炼线程停止
